<?xml version="1.0" encoding="UTF-8"?>
<!-- Generated by org.testng.reporters.JUnitXMLReporter -->
<testsuite ignored="1" hostname="DESKTOP-Q248DRA" failures="0" tests="1" name="Test" time="310.745" errors="0" timestamp="2023-05-04T07:47:21 IST">
  <testcase classname="vTiger.OrganizationsTests.CreateNewOrganizationTest" name="createNewOrgTest" time="109.243"/>
  <testcase classname="vTiger.OrganizationsTests.CreateNewOrganizationTest" name="demoOrg" time="0.0">
    <ignored/>
  </testcase> <!-- demoOrg -->
</testsuite> <!-- Test -->
