<?xml version="1.0" encoding="UTF-8"?>
<!-- Generated by org.testng.reporters.JUnitXMLReporter -->
<testsuite ignored="0" hostname="DESKTOP-Q248DRA" failures="0" tests="2" name="Test Runner-1" time="374.194" errors="0" timestamp="2023-04-19T07:42:54 IST">
  <testcase classname="vTiger.OrganizationsTests.CreateNewOrganizationTest" name="createNewOrgTest" time="116.36"/>
  <testcase classname="vTiger.OrganizationsTests.CreateNewOrganizationTest" name="demoOrg" time="0.018"/>
</testsuite> <!-- Test Runner-1 -->
