<?xml version="1.0" encoding="UTF-8"?>
<testng-results ignored="1" total="2" passed="1" failed="0" skipped="0">
  <reporter-output>
  </reporter-output>
  <suite started-at="2023-05-04T07:42:07 IST" name="Suite" finished-at="2023-05-04T07:47:18 IST" duration-ms="310745">
    <groups>
      <group name="SmokeSuite">
        <method signature="CreateNewOrganizationTest.createNewOrgTest()[pri:0, instance:vTiger.OrganizationsTests.CreateNewOrganizationTest@77fbd92c]" name="createNewOrgTest" class="vTiger.OrganizationsTests.CreateNewOrganizationTest"/>
      </group> <!-- SmokeSuite -->
    </groups>
    <test started-at="2023-05-04T07:42:07 IST" name="Test" finished-at="2023-05-04T07:47:18 IST" duration-ms="310745">
      <class name="vTiger.OrganizationsTests.CreateNewOrganizationTest">
        <test-method is-config="true" signature="bsconfig()[pri:0, instance:vTiger.OrganizationsTests.CreateNewOrganizationTest@77fbd92c]" started-at="2023-05-04T07:42:07 IST" name="bsconfig" finished-at="2023-05-04T07:42:07 IST" duration-ms="86" status="PASS">
          <reporter-output>
          </reporter-output>
        </test-method> <!-- bsconfig -->
        <test-method is-config="true" signature="bcConfig()[pri:0, instance:vTiger.OrganizationsTests.CreateNewOrganizationTest@77fbd92c]" started-at="2023-05-04T07:42:12 IST" name="bcConfig" finished-at="2023-05-04T07:44:26 IST" duration-ms="134084" status="PASS">
          <reporter-output>
          </reporter-output>
        </test-method> <!-- bcConfig -->
        <test-method is-config="true" signature="bmConfig()[pri:0, instance:vTiger.OrganizationsTests.CreateNewOrganizationTest@77fbd92c]" started-at="2023-05-04T07:44:26 IST" name="bmConfig" finished-at="2023-05-04T07:45:17 IST" duration-ms="50115" status="PASS">
          <reporter-output>
          </reporter-output>
        </test-method> <!-- bmConfig -->
        <test-method signature="createNewOrgTest()[pri:0, instance:vTiger.OrganizationsTests.CreateNewOrganizationTest@77fbd92c]" started-at="2023-05-04T07:45:17 IST" name="createNewOrgTest" finished-at="2023-05-04T07:47:06 IST" duration-ms="109243" status="PASS">
          <reporter-output>
          </reporter-output>
        </test-method> <!-- createNewOrgTest -->
        <test-method is-config="true" signature="amConfig()[pri:0, instance:vTiger.OrganizationsTests.CreateNewOrganizationTest@77fbd92c]" started-at="2023-05-04T07:47:06 IST" name="amConfig" finished-at="2023-05-04T07:47:17 IST" duration-ms="11381" status="PASS">
          <reporter-output>
          </reporter-output>
        </test-method> <!-- amConfig -->
        <test-method is-config="true" signature="acConfig()[pri:0, instance:vTiger.OrganizationsTests.CreateNewOrganizationTest@77fbd92c]" started-at="2023-05-04T07:47:17 IST" name="acConfig" finished-at="2023-05-04T07:47:18 IST" duration-ms="918" status="PASS">
          <reporter-output>
          </reporter-output>
        </test-method> <!-- acConfig -->
        <test-method is-config="true" signature="asconfig()[pri:0, instance:vTiger.OrganizationsTests.CreateNewOrganizationTest@77fbd92c]" started-at="2023-05-04T07:47:22 IST" name="asconfig" finished-at="2023-05-04T07:47:22 IST" duration-ms="1" status="PASS">
          <reporter-output>
          </reporter-output>
        </test-method> <!-- asconfig -->
      </class> <!-- vTiger.OrganizationsTests.CreateNewOrganizationTest -->
    </test> <!-- Test -->
  </suite> <!-- Suite -->
</testng-results>
